g++ -O -I/share/apps/boost/1.61.0/include -DDSFMT_MEXP=19937  -c AngularOrderingHeuristic.cpp
g++ -O -I/share/apps/boost/1.61.0/include -DDSFMT_MEXP=19937  -c Config.cpp
g++ -O -I/share/apps/boost/1.61.0/include -DDSFMT_MEXP=19937  -c Constants.cpp
g++ -O -I/share/apps/boost/1.61.0/include -DDSFMT_MEXP=19937  -c FileConfig.cpp
g++ -O -I/share/apps/boost/1.61.0/include -DDSFMT_MEXP=19937  -c FitOrderingHeuristic.cpp
g++ -O -I/share/apps/boost/1.61.0/include -DDSFMT_MEXP=19937  -c Image.cpp
g++ -O -I/share/apps/boost/1.61.0/include -DDSFMT_MEXP=19937  -c LinearOrderingHeuristic.cpp
g++ -O -I/share/apps/boost/1.61.0/include -DDSFMT_MEXP=19937  -c main.cpp
g++ -O -I/share/apps/boost/1.61.0/include -DDSFMT_MEXP=19937  -c MonteCarloConfig.cpp
g++ -O -I/share/apps/boost/1.61.0/include -DDSFMT_MEXP=19937  -c OrderingHeuristicConfig.cpp
g++ -O -I/share/apps/boost/1.61.0/include -DDSFMT_MEXP=19937  -c OrderingHeuristicFactory.cpp
g++ -O -I/share/apps/boost/1.61.0/include -DDSFMT_MEXP=19937  -c OutputFormatConfig.cpp
g++ -O -I/share/apps/boost/1.61.0/include -DDSFMT_MEXP=19937  -c PerformanceRegistry.cpp
g++ -O -I/share/apps/boost/1.61.0/include -DDSFMT_MEXP=19937  -c PolyPerf.cpp
g++ -O -I/share/apps/boost/1.61.0/include -DDSFMT_MEXP=19937  -c Puzzle.cpp
g++ -O -I/share/apps/boost/1.61.0/include -DDSFMT_MEXP=19937  -c PuzzleParser.cpp
g++ -O -I/share/apps/boost/1.61.0/include -DDSFMT_MEXP=19937  -c RadialOrderingHeuristic.cpp
g++ -O -I/share/apps/boost/1.61.0/include -DDSFMT_MEXP=19937  -c Rotation.cpp
g++ -O -I/share/apps/boost/1.61.0/include -DDSFMT_MEXP=19937  -c RotationImpl.cpp
g++ -O -I/share/apps/boost/1.61.0/include -DDSFMT_MEXP=19937  -c Shape.cpp
g++ -O -I/share/apps/boost/1.61.0/include -DDSFMT_MEXP=19937  -c Solver.cpp
gcc -O -c dSFMT.c
In file included from dSFMT-params.h:4:0,
                 from dSFMT.c:17:
dSFMT.h:39:4: warning: #warning "DSFMT_MEXP is not defined. I assume DSFMT_MEXP is 19937." [-Wcpp]
   #warning "DSFMT_MEXP is not defined. I assume DSFMT_MEXP is 19937."
    ^
g++ -L/share/apps/boost/1.61.0/lib -o polycube AngularOrderingHeuristic.o Config.o Constants.o FileConfig.o FitOrderingHeuristic.o Image.o LinearOrderingHeuristic.o main.o MonteCarloConfig.o OrderingHeuristicConfig.o OrderingHeuristicFactory.o OutputFormatConfig.o PerformanceRegistry.o PolyPerf.o Puzzle.o PuzzleParser.o RadialOrderingHeuristic.o Rotation.o RotationImpl.o Shape.o Solver.o dSFMT.o   -lboost_program_options -lboost_graph -lboost_regex
FileConfig.o: In function `boost::program_options::typed_value<std::__cxx11::basic_string<char, std::char_traits<char>, std::allocator<char> >, char>::xparse(boost::any&, std::vector<std::__cxx11::basic_string<char, std::char_traits<char>, std::allocator<char> >, std::allocator<std::__cxx11::basic_string<char, std::char_traits<char>, std::allocator<char> > > > const&) const':
FileConfig.cpp:(.text._ZNK5boost15program_options11typed_valueINSt7__cxx1112basic_stringIcSt11char_traitsIcESaIcEEEcE6xparseERNS_3anyERKSt6vectorIS7_SaIS7_EE[_ZNK5boost15program_options11typed_valueINSt7__cxx1112basic_stringIcSt11char_traitsIcESaIcEEEcE6xparseERNS_3anyERKSt6vectorIS7_SaIS7_EE]+0x72): undefined reference to `boost::program_options::validate(boost::any&, std::vector<std::__cxx11::basic_string<char, std::char_traits<char>, std::allocator<char> >, std::allocator<std::__cxx11::basic_string<char, std::char_traits<char>, std::allocator<char> > > > const&, std::__cxx11::basic_string<char, std::char_traits<char>, std::allocator<char> >*, int)'
FileConfig.o: In function `boost::program_options::typed_value<bool, char>::xparse(boost::any&, std::vector<std::__cxx11::basic_string<char, std::char_traits<char>, std::allocator<char> >, std::allocator<std::__cxx11::basic_string<char, std::char_traits<char>, std::allocator<char> > > > const&) const':
FileConfig.cpp:(.text._ZNK5boost15program_options11typed_valueIbcE6xparseERNS_3anyERKSt6vectorINSt7__cxx1112basic_stringIcSt11char_traitsIcESaIcEEESaISB_EE[_ZNK5boost15program_options11typed_valueIbcE6xparseERNS_3anyERKSt6vectorINSt7__cxx1112basic_stringIcSt11char_traitsIcESaIcEEESaISB_EE]+0x72): undefined reference to `boost::program_options::validate(boost::any&, std::vector<std::__cxx11::basic_string<char, std::char_traits<char>, std::allocator<char> >, std::allocator<std::__cxx11::basic_string<char, std::char_traits<char>, std::allocator<char> > > > const&, bool*, int)'
FileConfig.o: In function `boost::program_options::validation_error::validation_error(boost::program_options::validation_error::kind_t, std::__cxx11::basic_string<char, std::char_traits<char>, std::allocator<char> > const&, std::__cxx11::basic_string<char, std::char_traits<char>, std::allocator<char> > const&, int)':
FileConfig.cpp:(.text._ZN5boost15program_options16validation_errorC2ENS1_6kind_tERKNSt7__cxx1112basic_stringIcSt11char_traitsIcESaIcEEESA_i[_ZN5boost15program_options16validation_errorC5ENS1_6kind_tERKNSt7__cxx1112basic_stringIcSt11char_traitsIcESaIcEEESA_i]+0x1f): undefined reference to `_ZN5boost15program_options16validation_error12get_templateB5cxx11ENS1_6kind_tE'
FileConfig.cpp:(.text._ZN5boost15program_options16validation_errorC2ENS1_6kind_tERKNSt7__cxx1112basic_stringIcSt11char_traitsIcESaIcEEESA_i[_ZN5boost15program_options16validation_errorC5ENS1_6kind_tERKNSt7__cxx1112basic_stringIcSt11char_traitsIcESaIcEEESA_i]+0x33): undefined reference to `boost::program_options::error_with_option_name::error_with_option_name(std::__cxx11::basic_string<char, std::char_traits<char>, std::allocator<char> > const&, std::__cxx11::basic_string<char, std::char_traits<char>, std::allocator<char> > const&, std::__cxx11::basic_string<char, std::char_traits<char>, std::allocator<char> > const&, int)'
FileConfig.o: In function `boost::program_options::typed_value<MonteCarloConfig, char>::name() const':
FileConfig.cpp:(.text._ZNK5boost15program_options11typed_valueI16MonteCarloConfigcE4nameEv[_ZNK5boost15program_options11typed_valueI16MonteCarloConfigcE4nameEv]+0x20): undefined reference to `_ZN5boost15program_options3argB5cxx11E'
FileConfig.o: In function `boost::program_options::typed_value<std::__cxx11::basic_string<char, std::char_traits<char>, std::allocator<char> >, char>::name() const':
FileConfig.cpp:(.text._ZNK5boost15program_options11typed_valueINSt7__cxx1112basic_stringIcSt11char_traitsIcESaIcEEEcE4nameEv[_ZNK5boost15program_options11typed_valueINSt7__cxx1112basic_stringIcSt11char_traitsIcESaIcEEEcE4nameEv]+0x20): undefined reference to `_ZN5boost15program_options3argB5cxx11E'
FileConfig.o: In function `boost::program_options::typed_value<OrderingHeuristicConfig, char>::name() const':
FileConfig.cpp:(.text._ZNK5boost15program_options11typed_valueI23OrderingHeuristicConfigcE4nameEv[_ZNK5boost15program_options11typed_valueI23OrderingHeuristicConfigcE4nameEv]+0x20): undefined reference to `_ZN5boost15program_options3argB5cxx11E'
FileConfig.o: In function `boost::program_options::typed_value<bool, char>::name() const':
FileConfig.cpp:(.text._ZNK5boost15program_options11typed_valueIbcE4nameEv[_ZNK5boost15program_options11typed_valueIbcE4nameEv]+0x20): undefined reference to `_ZN5boost15program_options3argB5cxx11E'
FileConfig.o: In function `boost::program_options::typed_value<OutputFormatConfig, char>::name() const':
FileConfig.cpp:(.text._ZNK5boost15program_options11typed_valueI18OutputFormatConfigcE4nameEv[_ZNK5boost15program_options11typed_valueI18OutputFormatConfigcE4nameEv]+0x20): undefined reference to `_ZN5boost15program_options3argB5cxx11E'
FileConfig.o:FileConfig.cpp:(.text._ZNK5boost15program_options11typed_valueIicE4nameEv[_ZNK5boost15program_options11typed_valueIicE4nameEv]+0x20): more undefined references to `_ZN5boost15program_options3argB5cxx11E' follow
FileConfig.o: In function `void boost::program_options::validate<MonteCarloConfig, char>(boost::any&, std::vector<std::__cxx11::basic_string<char, std::char_traits<char>, std::allocator<char> >, std::allocator<std::__cxx11::basic_string<char, std::char_traits<char>, std::allocator<char> > > > const&, MonteCarloConfig*, long)':
FileConfig.cpp:(.text._ZN5boost15program_options8validateI16MonteCarloConfigcEEvRNS_3anyERKSt6vectorINSt7__cxx1112basic_stringIT0_St11char_traitsIS8_ESaIS8_EEESaISC_EEPT_l[_ZN5boost15program_options8validateI16MonteCarloConfigcEEvRNS_3anyERKSt6vectorINSt7__cxx1112basic_stringIT0_St11char_traitsIS8_ESaIS8_EEESaISC_EEPT_l]+0x42e): undefined reference to `boost::program_options::invalid_option_value::invalid_option_value(std::__cxx11::basic_string<char, std::char_traits<char>, std::allocator<char> > const&)'
FileConfig.o: In function `void boost::program_options::validate<OutputFormatConfig, char>(boost::any&, std::vector<std::__cxx11::basic_string<char, std::char_traits<char>, std::allocator<char> >, std::allocator<std::__cxx11::basic_string<char, std::char_traits<char>, std::allocator<char> > > > const&, OutputFormatConfig*, long)':
FileConfig.cpp:(.text._ZN5boost15program_options8validateI18OutputFormatConfigcEEvRNS_3anyERKSt6vectorINSt7__cxx1112basic_stringIT0_St11char_traitsIS8_ESaIS8_EEESaISC_EEPT_l[_ZN5boost15program_options8validateI18OutputFormatConfigcEEvRNS_3anyERKSt6vectorINSt7__cxx1112basic_stringIT0_St11char_traitsIS8_ESaIS8_EEESaISC_EEPT_l]+0x43a): undefined reference to `boost::program_options::invalid_option_value::invalid_option_value(std::__cxx11::basic_string<char, std::char_traits<char>, std::allocator<char> > const&)'
FileConfig.o: In function `void boost::program_options::validate<OrderingHeuristicConfig, char>(boost::any&, std::vector<std::__cxx11::basic_string<char, std::char_traits<char>, std::allocator<char> >, std::allocator<std::__cxx11::basic_string<char, std::char_traits<char>, std::allocator<char> > > > const&, OrderingHeuristicConfig*, long)':
FileConfig.cpp:(.text._ZN5boost15program_options8validateI23OrderingHeuristicConfigcEEvRNS_3anyERKSt6vectorINSt7__cxx1112basic_stringIT0_St11char_traitsIS8_ESaIS8_EEESaISC_EEPT_l[_ZN5boost15program_options8validateI23OrderingHeuristicConfigcEEvRNS_3anyERKSt6vectorINSt7__cxx1112basic_stringIT0_St11char_traitsIS8_ESaIS8_EEESaISC_EEPT_l]+0x524): undefined reference to `boost::program_options::invalid_option_value::invalid_option_value(std::__cxx11::basic_string<char, std::char_traits<char>, std::allocator<char> > const&)'
FileConfig.o: In function `void boost::program_options::validate<int, char>(boost::any&, std::vector<std::__cxx11::basic_string<char, std::char_traits<char>, std::allocator<char> >, std::allocator<std::__cxx11::basic_string<char, std::char_traits<char>, std::allocator<char> > > > const&, int*, long)':
FileConfig.cpp:(.text._ZN5boost15program_options8validateIicEEvRNS_3anyERKSt6vectorINSt7__cxx1112basic_stringIT0_St11char_traitsIS7_ESaIS7_EEESaISB_EEPT_l[_ZN5boost15program_options8validateIicEEvRNS_3anyERKSt6vectorINSt7__cxx1112basic_stringIT0_St11char_traitsIS7_ESaIS7_EEESaISB_EEPT_l]+0x560): undefined reference to `boost::program_options::invalid_option_value::invalid_option_value(std::__cxx11::basic_string<char, std::char_traits<char>, std::allocator<char> > const&)'
FileConfig.o:(.rodata._ZTVN5boost16exception_detail19error_info_injectorINS_15program_options20invalid_option_valueEEE[_ZTVN5boost16exception_detail19error_info_injectorINS_15program_options20invalid_option_valueEEE]+0x30): undefined reference to `boost::program_options::error_with_option_name::substitute_placeholders(std::__cxx11::basic_string<char, std::char_traits<char>, std::allocator<char> > const&) const'
FileConfig.o:(.rodata._ZTVN5boost16exception_detail10clone_implINS0_19error_info_injectorINS_15program_options20invalid_option_valueEEEEE[_ZTVN5boost16exception_detail10clone_implINS0_19error_info_injectorINS_15program_options20invalid_option_valueEEEEE]+0x38): undefined reference to `boost::program_options::error_with_option_name::substitute_placeholders(std::__cxx11::basic_string<char, std::char_traits<char>, std::allocator<char> > const&) const'
FileConfig.o:(.rodata._ZTVN5boost16exception_detail19error_info_injectorINS_15program_options16validation_errorEEE[_ZTVN5boost16exception_detail19error_info_injectorINS_15program_options16validation_errorEEE]+0x30): undefined reference to `boost::program_options::error_with_option_name::substitute_placeholders(std::__cxx11::basic_string<char, std::char_traits<char>, std::allocator<char> > const&) const'
FileConfig.o:(.rodata._ZTVN5boost16exception_detail10clone_implINS0_19error_info_injectorINS_15program_options16validation_errorEEEEE[_ZTVN5boost16exception_detail10clone_implINS0_19error_info_injectorINS_15program_options16validation_errorEEEEE]+0x38): undefined reference to `boost::program_options::error_with_option_name::substitute_placeholders(std::__cxx11::basic_string<char, std::char_traits<char>, std::allocator<char> > const&) const'
FileConfig.o:(.rodata._ZTVN5boost15program_options16validation_errorE[_ZTVN5boost15program_options16validation_errorE]+0x30): undefined reference to `boost::program_options::error_with_option_name::substitute_placeholders(std::__cxx11::basic_string<char, std::char_traits<char>, std::allocator<char> > const&) const'
FileConfig.o:(.rodata._ZTVN5boost15program_options20invalid_option_valueE[_ZTVN5boost15program_options20invalid_option_valueE]+0x30): more undefined references to `boost::program_options::error_with_option_name::substitute_placeholders(std::__cxx11::basic_string<char, std::char_traits<char>, std::allocator<char> > const&) const' follow
FileConfig.o:(.rodata._ZTVN5boost15program_options11typed_valueIicEE[_ZTVN5boost15program_options11typed_valueIicEE]+0x40): undefined reference to `boost::program_options::value_semantic_codecvt_helper<char>::parse(boost::any&, std::vector<std::__cxx11::basic_string<char, std::char_traits<char>, std::allocator<char> >, std::allocator<std::__cxx11::basic_string<char, std::char_traits<char>, std::allocator<char> > > > const&, bool) const'
FileConfig.o:(.rodata._ZTVN5boost15program_options11typed_valueI18OutputFormatConfigcEE[_ZTVN5boost15program_options11typed_valueI18OutputFormatConfigcEE]+0x40): undefined reference to `boost::program_options::value_semantic_codecvt_helper<char>::parse(boost::any&, std::vector<std::__cxx11::basic_string<char, std::char_traits<char>, std::allocator<char> >, std::allocator<std::__cxx11::basic_string<char, std::char_traits<char>, std::allocator<char> > > > const&, bool) const'
FileConfig.o:(.rodata._ZTVN5boost15program_options11typed_valueIbcEE[_ZTVN5boost15program_options11typed_valueIbcEE]+0x40): undefined reference to `boost::program_options::value_semantic_codecvt_helper<char>::parse(boost::any&, std::vector<std::__cxx11::basic_string<char, std::char_traits<char>, std::allocator<char> >, std::allocator<std::__cxx11::basic_string<char, std::char_traits<char>, std::allocator<char> > > > const&, bool) const'
FileConfig.o:(.rodata._ZTVN5boost15program_options11typed_valueI23OrderingHeuristicConfigcEE[_ZTVN5boost15program_options11typed_valueI23OrderingHeuristicConfigcEE]+0x40): undefined reference to `boost::program_options::value_semantic_codecvt_helper<char>::parse(boost::any&, std::vector<std::__cxx11::basic_string<char, std::char_traits<char>, std::allocator<char> >, std::allocator<std::__cxx11::basic_string<char, std::char_traits<char>, std::allocator<char> > > > const&, bool) const'
FileConfig.o:(.rodata._ZTVN5boost15program_options11typed_valueINSt7__cxx1112basic_stringIcSt11char_traitsIcESaIcEEEcEE[_ZTVN5boost15program_options11typed_valueINSt7__cxx1112basic_stringIcSt11char_traitsIcESaIcEEEcEE]+0x40): undefined reference to `boost::program_options::value_semantic_codecvt_helper<char>::parse(boost::any&, std::vector<std::__cxx11::basic_string<char, std::char_traits<char>, std::allocator<char> >, std::allocator<std::__cxx11::basic_string<char, std::char_traits<char>, std::allocator<char> > > > const&, bool) const'
FileConfig.o:(.rodata._ZTVN5boost15program_options11typed_valueI16MonteCarloConfigcEE[_ZTVN5boost15program_options11typed_valueI16MonteCarloConfigcEE]+0x40): more undefined references to `boost::program_options::value_semantic_codecvt_helper<char>::parse(boost::any&, std::vector<std::__cxx11::basic_string<char, std::char_traits<char>, std::allocator<char> >, std::allocator<std::__cxx11::basic_string<char, std::char_traits<char>, std::allocator<char> > > > const&, bool) const' follow
main.o: In function `setConfig(Config&, int, char**)':
main.cpp:(.text+0xc17): undefined reference to `boost::program_options::options_description::options_description(std::__cxx11::basic_string<char, std::char_traits<char>, std::allocator<char> > const&, unsigned int, unsigned int)'
main.cpp:(.text+0xefc): undefined reference to `boost::program_options::options_description::options_description(std::__cxx11::basic_string<char, std::char_traits<char>, std::allocator<char> > const&, unsigned int, unsigned int)'
main.cpp:(.text+0x1038): undefined reference to `boost::program_options::options_description::options_description(std::__cxx11::basic_string<char, std::char_traits<char>, std::allocator<char> > const&, unsigned int, unsigned int)'
main.cpp:(.text+0x13e7): undefined reference to `boost::program_options::abstract_variables_map::operator[](std::__cxx11::basic_string<char, std::char_traits<char>, std::allocator<char> > const&) const'
main.o: In function `std::vector<std::__cxx11::basic_string<char, std::char_traits<char>, std::allocator<char> >, std::allocator<std::__cxx11::basic_string<char, std::char_traits<char>, std::allocator<char> > > > boost::program_options::to_internal<std::__cxx11::basic_string<char, std::char_traits<char>, std::allocator<char> > >(std::vector<std::__cxx11::basic_string<char, std::char_traits<char>, std::allocator<char> >, std::allocator<std::__cxx11::basic_string<char, std::char_traits<char>, std::allocator<char> > > > const&)':
main.cpp:(.text._ZN5boost15program_options11to_internalINSt7__cxx1112basic_stringIcSt11char_traitsIcESaIcEEEEESt6vectorIS7_SaIS7_EERKS8_IT_SaISB_EE[_ZN5boost15program_options11to_internalINSt7__cxx1112basic_stringIcSt11char_traitsIcESaIcEEEEESt6vectorIS7_SaIS7_EERKS8_IT_SaISB_EE]+0x62): undefined reference to `boost::program_options::to_internal(std::__cxx11::basic_string<char, std::char_traits<char>, std::allocator<char> > const&)'
main.o: In function `boost::program_options::basic_command_line_parser<char>::basic_command_line_parser(int, char const* const*)':
main.cpp:(.text._ZN5boost15program_options25basic_command_line_parserIcEC2EiPKPKc[_ZN5boost15program_options25basic_command_line_parserIcEC5EiPKPKc]+0x43): undefined reference to `boost::program_options::detail::cmdline::cmdline(std::vector<std::__cxx11::basic_string<char, std::char_traits<char>, std::allocator<char> >, std::allocator<std::__cxx11::basic_string<char, std::char_traits<char>, std::allocator<char> > > > const&)'
main.o: In function `boost::program_options::typed_value<std::vector<std::__cxx11::basic_string<char, std::char_traits<char>, std::allocator<char> >, std::allocator<std::__cxx11::basic_string<char, std::char_traits<char>, std::allocator<char> > > >, char>::name() const':
main.cpp:(.text._ZNK5boost15program_options11typed_valueISt6vectorINSt7__cxx1112basic_stringIcSt11char_traitsIcESaIcEEESaIS8_EEcE4nameEv[_ZNK5boost15program_options11typed_valueISt6vectorINSt7__cxx1112basic_stringIcSt11char_traitsIcESaIcEEESaIS8_EEcE4nameEv]+0x20): undefined reference to `_ZN5boost15program_options3argB5cxx11E'
main.o: In function `void boost::program_options::validate<std::__cxx11::basic_string<char, std::char_traits<char>, std::allocator<char> >, char>(boost::any&, std::vector<std::__cxx11::basic_string<char, std::char_traits<char>, std::allocator<char> >, std::allocator<std::__cxx11::basic_string<char, std::char_traits<char>, std::allocator<char> > > > const&, std::vector<std::__cxx11::basic_string<char, std::char_traits<char>, std::allocator<char> >, std::allocator<std::__cxx11::basic_string<char, std::char_traits<char>, std::allocator<char> > > >*, int)':
main.cpp:(.text._ZN5boost15program_options8validateINSt7__cxx1112basic_stringIcSt11char_traitsIcESaIcEEEcEEvRNS_3anyERKSt6vectorINS3_IT0_S4_ISB_ESaISB_EEESaISE_EEPSA_IT_SaISJ_EEi[_ZN5boost15program_options8validateINSt7__cxx1112basic_stringIcSt11char_traitsIcESaIcEEEcEEvRNS_3anyERKSt6vectorINS3_IT0_S4_ISB_ESaISB_EEESaISE_EEPSA_IT_SaISJ_EEi]+0x17e): undefined reference to `boost::program_options::validate(boost::any&, std::vector<std::__cxx11::basic_string<char, std::char_traits<char>, std::allocator<char> >, std::allocator<std::__cxx11::basic_string<char, std::char_traits<char>, std::allocator<char> > > > const&, std::__cxx11::basic_string<char, std::char_traits<char>, std::allocator<char> >*, int)'
main.cpp:(.text._ZN5boost15program_options8validateINSt7__cxx1112basic_stringIcSt11char_traitsIcESaIcEEEcEEvRNS_3anyERKSt6vectorINS3_IT0_S4_ISB_ESaISB_EEESaISE_EEPSA_IT_SaISJ_EEi[_ZN5boost15program_options8validateINSt7__cxx1112basic_stringIcSt11char_traitsIcESaIcEEEcEEvRNS_3anyERKSt6vectorINS3_IT0_S4_ISB_ESaISB_EEESaISE_EEPSA_IT_SaISJ_EEi]+0x35c): undefined reference to `boost::program_options::invalid_option_value::invalid_option_value(std::__cxx11::basic_string<char, std::char_traits<char>, std::allocator<char> > const&)'
main.o:(.rodata._ZTVN5boost15program_options11typed_valueISt6vectorINSt7__cxx1112basic_stringIcSt11char_traitsIcESaIcEEESaIS8_EEcEE[_ZTVN5boost15program_options11typed_valueISt6vectorINSt7__cxx1112basic_stringIcSt11char_traitsIcESaIcEEESaIS8_EEcEE]+0x40): undefined reference to `boost::program_options::value_semantic_codecvt_helper<char>::parse(boost::any&, std::vector<std::__cxx11::basic_string<char, std::char_traits<char>, std::allocator<char> >, std::allocator<std::__cxx11::basic_string<char, std::char_traits<char>, std::allocator<char> > > > const&, bool) const'
collect2: error: ld returned 1 exit status
make: *** [polycube] Error 1
